[    0.000000] Initializing cgroup subsys cpuset
[    0.000000] Initializing cgroup subsys cpu
[    0.000000] Initializing cgroup subsys cpuacct
[    0.000000] Linux version 4.4.0-112-generic (buildd@lgw01-amd64-010) (gcc version 5.4.0 20160609 (Ubuntu 5.4.0-6ubuntu1~16.04.5) ) #135-Ubuntu SMP Fri Jan 19 11:48:36 UTC 2018 (Ubuntu ..4.0-112.135-generic 4.4.98)
[    0.000000] Command line: BOOT_IMAGE=/boot/vmlinuz-4.4.0-112-generic root=LABEL=cloudimg-rootfs ro console=tty1 console=ttyS0
[    0.000000] KERNEL supported cpus:
[    0.000000]   Intel GenuineIntel
[    0.000000]   AMD AuthenticAMD
[    0.000000]   Centaur CentaurHauls
[    0.000000] x86/fpu: xstate_offset[2]:  576, xstate_sizes[2]:  256
[    0.000000] x86/fpu: Supporting XSAVE feature 0x01: 'x87 floating point registers'
[    0.000000] x86/fpu: Supporting XSAVE feature 0x02: 'SSE registers'
[    0.000000] x86/fpu: Supporting XSAVE feature 0x04: 'AVX registers'
[    0.000000] x86/fpu: Enabled xstate features 0x7, context size is 832 bytes, using 'standard' format.
[    0.000000] x86/fpu: Using 'lazy' FPU context switches.
[    0.000000] e820: BIOS-provided physical RAM map:
[    0.000000] BIOS-e820: [mem 0x0000000000000000-0x000000000009fbff] usable
[    0.000000] BIOS-e820: [mem 0x000000000009fc00-0x000000000009ffff] reserved
[    0.000000] BIOS-e820: [mem 0x00000000000f0000-0x00000000000fffff] reserved
[    0.000000] BIOS-e820: [mem 0x0000000000100000-0x000000007ffeffff] usable
[    0.000000] BIOS-e820: [mem 0x000000007fff0000-0x000000007fffffff] ACPI data
[    0.000000] BIOS-e820: [mem 0x00000000fec00000-0x00000000fec00fff] reserved
[    0.000000] BIOS-e820: [mem 0x00000000fee00000-0x00000000fee00fff] reserved
[    0.000000] BIOS-e820: [mem 0x00000000fffc0000-0x00000000ffffffff] reserved
[    0.000000] NX (Execute Disable) protection: active
[    0.000000] SMBIOS 2.5 present.
[    0.000000] Hypervisor detected: KVM
[    0.000000] e820: last_pfn = 0x7fff0 max_arch_pfn = 0x400000000
[    0.000000] MTRR: Disabled
[    0.000000] x86/PAT: MTRRs disabled, skipping PAT initialization too.
[    0.000000] CPU MTRRs all blank - virtualized system.
[    0.000000] x86/PAT: Configuration [0-7]: WB  WT  UC- UC  WB  WT  UC- UC  
[    0.000000] found SMP MP-table at [mem 0x0009fff0-0x0009ffff] mapped at [ffff88000009fff0]
[    0.000000] Scanning 1 areas for low memory corruption
[    0.000000] RAMDISK: [mem 0x36adc000-0x37565fff]
[    0.000000] ACPI: Early table checksum verification disabled
[    0.000000] ACPI: RSDP 0x00000000000E0000 000024 (v02 VBOX  )
[    0.000000] ACPI: XSDT 0x000000007FFF0030 00003C (v01 VBOX   VBOXXSDT 00000001 ASL  00000061)
[    0.000000] ACPI: FACP 0x000000007FFF00F0 0000F4 (v04 VBOX   VBOXFACP 00000001 ASL  00000061)
[    0.000000] ACPI: DSDT 0x000000007FFF0470 0021FF (v02 VBOX   VBOXBIOS 00000002 INTL 20100528)
[    0.000000] ACPI: FACS 0x000000007FFF020 000040

[    0.000000] ACPI: FACS 0x000000007FFF0200 000040
[    0.000000] ACPI: APIC 0x000000007FFF0240 000054 (v02 VBOX   VBOXAPIC 00000001 ASL  00000061)
[    0.000000] ACPI: SSDT 0x000000007FFF02A0 0001CC (v01 VBOX   VBOXCPUT 00000002 INTL 20100528)
[    0.000000] No NUMA configuration found
[    0.000000] Faking a node at [mem 0x0000000000000000-0x000000007ffeffff]
[    0.000000] NODE_DATA(0) allocated [mem 0x7ffeb000-0x7ffeffff]
[    0.000000] kvm-clock: Using msrs 4b564d01 and 4b564d00
[    0.000000] kvm-clock: cpu 0, msr 0:7ffe3001, primary cpu clock
[    0.000000] kvm-clock: using sched offset of 3306246712 cycles
[    0.000000] clocksource: kvm-clock: mask: 0xffffffffffffffff max_cycles: 0x1cd42e4dffb, max_idle_ns: 881590591483 ns
[    0.000000] Zone ranges:
[    0.000000]   DMA      [mem 0x0000000000001000-0x0000000000ffffff]
[    0.000000]   DMA32    [mem 0x0000000001000000-0x000000007ffeffff]
[    0.000000]   Normal   empty
[    0.000000]   Device   empty
[    0.000000] Movable zone start for each node
[    0.000000] Early memory node ranges
[    0.000000]   node   0: [mem 0x0000000000001000-0x000000000009efff]
[    0.000000]   node   0: [mem 0x0000000000100000-0x000000007ffeffff]
[    0.000000] Initmem setup node 0 [mem 0x0000000000001000-0x000000007ffeffff]
[    0.000000] ACPI: PM-Timer IO Port: 0x4008
[    0.000000] IOAPIC[0]: apic_id 1, version 32, address 0xfec00000, GSI 0-23
[    0.000000] ACPI: INT_SRC_OVR (bus 0 bus_irq 0 global_irq 2 dfl dfl)
[    0.000000] ACPI: INT_SRC_OVR (bus 0 bus_irq 9 global_irq 9 low level)
[    0.000000] Using ACPI (MADT) for SMP configuration information
[    0.000000] smpboot: Allowing 1 CPUs, 0 hotplug CPUs
[    0.000000] PM: Registered nosave memory: [mem 0x00000000-0x00000fff]
[    0.000000] PM: Registered nosave memory: [mem 0x0009f000-0x0009ffff]
[    0.000000] PM: Registered nosave memory: [mem 0x000a0000-0x000effff]
[    0.000000] PM: Registered nosave memory: [mem 0x000f0000-0x000fffff]
[    0.000000] e820: [mem 0x80000000-0xfebfffff] available for PCI devices
[    0.000000] Booting paravirtualized kernel on KVM
[    0.000000] clocksource: refined-jiffies: mask: 0xffffffff max_cycles: 0xffffffff, max_idle_ns: 7645519600211568 ns
[    0.000000] setup_percpu: NR_CPUS:512 nr_cpumask_bits:512 nr_cpu_ids:1 nr_node_ids:1
[    0.000000] PERCPU: Embedded 34 pages/cpu @ffff88007fc00000 s99544 r8192 d31528 u2097152
[    0.000000] PV qspinlock hash table entries: 256 (order: 0, 4096 bytes)
[    0.000000] Built 1 zonelists in Node order, mobility grouping on.  Total pages: 515961
[    0.000000] Policy zone: DMA32
[    0.000000] Kernel command line: BOOT_IMAGE=/boot/vmlinuz-4.4.0-112-generic root=LABEL=cloudimg-rootfs ro console=tty1 console=ttyS0
[    0.000000] PID hash table entries: 4096 (order: 3, 32768 bytes)
[    0.000000] Memory: 2034068K/2096696K available (8499K kernel code, 1309K rwdata, 3988K rodata, 1508K init, 1316K bss, 62628K reserved, 0K cma-reserved)
[    0.000000] SLUB: HWalign=64, Order=0-3, MinObjects=0, CPUs=1, Nodes=1
[    0.000000] Kernel/User page tables isolation: enabled
[    0.000000] Hierarchical RCU implementation.
[    0.000000] 	Build-time adjustment of leaf fanout to 64.
[    0.000000] 	RCU restricting CPUs from NR_CPUS=512 to nr_cpu_ids=1.
[    0.000000] RCU: Adjusting geometry for rcu_fanout_leaf=64, nr_cpu_ids=1
[    0.000000] NR_IRQS:33024 nr_irqs:256 16
[    0.000000] Console: colour VGA+ 80x25
[    0.000000] console [tty1] enabled
[    0.000000] console [ttyS0] enabled
[    0.000000] tsc: Detected 3096.000 MHz processor
[    1.580865] Calibrating delay loop (skipped) preset value.. 6192.00 BogoMIPS (lpj=12384000)
[    1.583217] pid_max: default: 32768 minimum: 301
[    1.584657] ACPI: Core revision 20150930
[    1.587952] ACPI: 2 ACPI AML tables successfully acquired and loaded
[    1.595561] Security Framework initialized
[    1.602820] Yama: becoming mindful.
[    1.603919] AppArmor: AppArmor initialized
[    1.606720] Dentry cache hash table entries: 262144 (order: 9, 2097152 bytes)
[    1.617143] Inode-cache hash table entries: 131072 (order: 8, 1048576 bytes)
[    1.621620] Mount-cache hash table entries: 4096 (order: 3, 32768 bytes)
[    1.627849] Mountpoint-cache hash table entries: 4096 (order: 3, 32768 bytes)
[    1.629929] Initializing cgroup subsys io
[    1.633355] Initializing cgroup subsys memory
[    1.659197] Initializing cgroup subsys devices
[    1.708015] Initializing cgroup subsys freezer
[    1.720619] Initializing cgroup subsys net_cls
[    1.730507] Initializing cgroup subsys perf_event
[    1.734159] Initializing cgroup subsys net_prio
[    1.749201] Initializing cgroup subsys hugetlb
[    1.810170] Initializing cgroup subsys pids
[    1.834931] CPU: Physical Processor ID: 0
[    1.890986] FEATURE SPEC_CTRL Not Present
[    1.921051] mce: CPU supports 0 MCE banks
[    1.976171] process: using mwait in idle threads
[    2.016650] Last level iTLB entries: 4KB 64, 2MB 8, 4MB 8
[    2.018230] Last level dTLB entries: 4KB 64, 2MB 0, 4MB 0, 1GB 4
[    2.054499  Freeing SMP alternatives memory: 32K
[    2.101970] ftrace: allocating 32180 entries in 126 pages
[    2.155303] smpboot: APIC(0) Converting physical 0 to logical package 0
[    2.258194] smpboot: Max logical packages: 1
[    2.313008] x2apic enabled
[    2.340816] Switched APIC routing to physical x2apic.
[    2.389170] ..TIMER: vector=0x30 apic1=0 pin1=2 apic2=-1 pin2=-1
[    2.525451] smpboot: CPU0: Intel(R) Core(TM) i5-7267U CPU @ 3.10GHz (family: 0x6, model: 0x8e, stepping: 0x9)
[    2.538287] Performance Events: unsupported p6 CPU model 142 no PMU driver, software events only.
[    2.540833] KVM setup paravirtual spinlock
[    2.542564] x86: Booted up 1 node, 1 CPUs
[    2.571979] smpboot: Total of 1 processors activated (6192.00 BogoMIPS)
[    2.575682] devtmpfs: initialized
[    2.602067] evm: security.selinux
[    2.639592] evm: security.SMACK64
[    2.640574] evm: security.SMACK64EXEC
[    2.661756] evm: security.SMACK64TRANSMUTE
[    2.753308] evm: security.SMACK64MMAP
[    2.834296] evm: security.ima
[    2.855605] evm: security.capability
[    2.866955] clocksource: jiffies: mask: 0xffffffff max_cycles: 0xffffffff, max_idle_ns: 7645041785100000 ns
[    2.870114] futex hash table entries: 256 (order: 2, 16384 bytes)
[    2.913993] pinctrl core: initialized pinctrl subsystem
[    2.923282] RTC time: 19:44:58, date: 01/30/18
[    2.924611] NET: Registered protocol family 16
[    2.934930] cpuidle: using governor ladder
[    2.980441] cpuidle: using governor menu
[    3.030774] PCCT header not found.
[    3.069658] ACPI: bus type PCI registered
[    3.175793] acpiphp: ACPI Hot Plug PCI Controller Driver version: 0.5
[    3.199864] PCI: Using configuration type 1 for base access
[    3.231539] ACPI: Added _OSI(Module Device)
[    3.297367] ACPI: Added _OSI(Processor Device)
[    3.360276] ACPI: Added _OSI(3.0 _SCP Extensions)
[    3.410531] ACPI: Added _OSI(Processor Aggregator Device)
[    3.514583] ACPI: Executed 1 blocks of module-level executable AML code
[    3.568870] ACPI: Interpreter enabled
[    3.595009] ACPI: (supports S0 S5)
[    3.624722] ACPI: Using IOAPIC for interrupt routing
[    3.725304] PCI: Using host bridge windows from ACPI; if necessary, use "pci=nocrs" and report a bug
[    3.912945] ACPI: PCI Root Bridge [PCI0] (domain 0000 [bus 00-ff])
[    3.937988] acpi PNP0A03:00: _OSC: OS supports [ASPM ClockPM Segments MSI]
[    3.948468] acpi PNP0A03:00: _OSC: not requesting OS control; OS requires [ExtendedConfig ASPM ClockPM MSI]
[    3.984554] acpi PNP0A03:00: fail to add MMCONFIG information, can't access extended PCI configuration space under this bridge.
[    4.101848] PCI host bridge to bus 0000:00
[    4.127923] pci_bus 0000:00: root bus resource [io  0x0000-0x0cf7 window]
[    4.186304] pci_bus 0000:00: root bus resource [io  0x0d00-0xffff window]
[    4.191721] pci_bus 0000:00: root bus resource [mem 0x000a0000-0x000bffff window]
[    4.195716] pci_bus 0000:00: root bus resource [mem 0x80000000-0xfdffffff window]
[    4.200526] pci_bus 0000:00: root bus resource [bus 00-ff]
[    4.226503] pci 0000:00:01.1: legacy IDE quirk: reg 0x10: [io  0x01f0-0x01f7]
[    4.245927] pci 0000:00:01.1: legacy IDE quirk: reg 0x14: [io  0x03f6]
[    4.253660] pci 0000:00:01.1: legacy IDE quirk: reg 0x18: [io  0x0170-0x0177]
[    4.255554] pci 0000:00:01.1: legacy IDE quirk: reg 0x1c: [io  0x0376]
[    4.274121] pci 0000:00:07.0: quirk: [io  0x4000-0x403f] claimed by PIIX4 ACPI
[    4.316715] pci 0000:00:07.0: quirk: [io  0x4100-0x410f] claimed by PIIX4 SMB
[    4.390666] ACPI: PCI Interrupt Link [LNKA] (IRQs 5 9 10 *11)
[    4.416316] ACPI: PCI Interrupt Link [LNKB] (IRQs 5 9 *10 11)
[    4.441908] ACPI: PCI Interrupt Link [LNKC] (IRQs 5 *9 10 11)
[    4.468555] ACPI: PCI Interrupt Link [LNKD] (IRQs 5 9 10 *11)
[    4.516840] ACPI: Enabled 2 GPEs in block 00 to 07
[    4.519515] vgaarb: setting as boot device: PCI:0000:00:02.0
[    4.521525] vgaarb: device added: PCI:0000:00:02.0,decodes=io+mem,owns=io+mem,locks=none
[    4.547204] vgaarb: loaded
[    4.549290] vgaarb: bridge control possible 0000:00:02.0
[    4.551230] SCSI subsystem initialized
[    4.552963] ACPI: bus type USB registered
[    4.574780] usbcore: registered new interface driver usbfs
[    4.576848] usbcore: registered new interface driver hub
[    4.636723] usbcore: registered new device driver usb
[    4.638796] PCI: Using ACPI for IRQ routing
[    4.648544] NetLabel: Initializing
[    4.650132] NetLabel:  domain hash size = 128
[    4.651672] NetLabel:  protocols = UNLABELED CIPSOv4
[    4.661821] NetLabel:  unlabeled traffic allowed by default
[    4.673930] amd_nb: Cannot enumerate AMD northbridges
[    4.690762] clocksource: Switched to clocksource kvm-clock
[    4.741234] AppArmor: AppArmor Filesystem Enabled
[    4.790218] pnp: PnP ACPI init
[    4.793985] pnp: PnP ACPI: found 3 devices
[    4.802054] clocksource: acpi_pm: mask: 0xffffff max_cycles: 0xffffff, max_idle_ns: 2085701024 ns
[    4.811545] NET: Registered protocol family 2
[    4.831498] TCP established hash table entries: 16384 (order: 5, 131072 bytes)
[    4.833617] TCP bind hash table entries: 16384 (order: 6, 262144 bytes)
[    4.839137] TCP: Hash tables configured (established 16384 bind 16384)
[    4.842992] UDP hash table entries: 1024 (order: 3, 32768 bytes)
[    4.872477] UDP-Lite hash table entries: 1024 (order: 3, 32768 bytes)
[    4.888686] NET: Registered protocol family 1
[    4.893681] pci 0000:00:00.0: Limiting direct PCI/PCI transfers
[    4.904070] pci 0000:00:01.0: Activating ISA DMA hang workarounds
[    4.907813] Unpacking initramfs...
[    6.538535] Freeing initrd memory: 10792K
[    6.618390] platform rtc_cmos: registered platform RTC device (no PNP device found)
[    6.670593] Scanning for low memory corruption every 60 seconds
[    6.704540] audit: initializing netlink subsys (disabled)
[    6.736599] audit: type=2000 audit(1517341502.976:1): initialized
[    6.772367] Initialise system trusted keyring
[    6.829888] HugeTLB registered 2 MB page size, pre-allocated 0 pages
[    6.894561] zbud: loaded
[    6.913252] VFS: Disk quotas dquot_6.6.0
[    6.930316] VFS: Dquot-cache hash table entries: 512 (order 0, 4096 bytes)
[    6.959940] squashfs: version 4.0 (2009/01/31) Phillip Lougher
[    7.036905] fuse init (API version 7.23)
[    7.111559] Key type big_key registered
[    7.112853] Allocating IMA MOK and blacklist keyrings.
[    7.183105] Key type asymmetric registered
[    7.253068] Asymmetric key parser 'x509' registered
[    7.266733] Block layer SCSI generic (bsg) driver version 0.4 loaded (major 249)
[    7.311209] io scheduler noop eegistered
[    7.438591] io scheduler deadline registered (default)
[    7.583297] io scheduler cfq registered
[    7.588507] pci_hotplug: PCI Hot Plug PCI Core version: 0.5
[    7.696609] tsc: Refined TSC clocksource calibration: 3095.182 MHz
[    7.717342] clocksource: tsc: mask: 0xffffffffffffffff max_cycles: 0x2c9d8004250, max_idle_ns: 440795251516 ns
[    7.733155] pciehp: PCI Express Hot Plug Controller Driver version: 0.4
[    7.921122] ACPI: AC Adapter [AC] (on-line)
[    7.998652] input: Power Button as /devices/LNXSYSTM:00/LNXPWRBN:00/input/input0
[    8.063116] ACPI: Power Button [PWRF]
[    8.135109] input: Sleep Button as /devices/LNXSYSTM:00/LNXSLPBN:00/input/input1
[    8.225277] ACPI: Sleep Button [SLPF]
[    8.255613] ACPI: Battery Slot [BAT0] (battery present)
[    8.276775] GHES: HEST is not enabled!
[    8.370838] Serial: 8250/16550 driver, 32 ports, IRQ sharing enabled
ÿ[    8.452473] 00:02: ttyS0 at I/O 0x3f8 (irq = 4, base_baud = 115200) is a 16550A
[    8.698509] Linux agpgart interface v0.103
[    8.821483] loop: module loaded
[    8.906843] scsi host0: ata_piix
[    8.986596] scsi host1: ata_piix
[    9.045728] ata1: PATA max UDMA/33 cmd 0x1f0 ctl 0x3f6 bmdma 0xd000 irq 14
[    9.135830] ata2: PATA max UDMA/33 cmd 0x170 ctl 0x376 bmdma 0xd008 irq 15
[    9.169182] libphy: Fixed MDIO Bus: probed
[    9.243974] tun: Universal TUN/TAP device driver, 1.6
[    9.279800] tun: (C) 1999-2004 Max Krasnyansky <maxk@qualcomm.com>
[    9.369108] PPP generic driver version 2.4.2
[    9.375882] ehci_hcd: USB 2.0 'Enhanced' Host Controller (EHCI) Driver
[    9.390517] ehci-pci: EHCI PCI platform driver
[    9.391921] ehci-platform: EHCI generic platform driver
[    9.393313] ohci_hcd: USB 1.1 'Open' Host Controller (OHCI) Driver
[    9.395000] ohci-pci: OHCI PCI platform driver
[    9.396224] ohci-platform: OHCI generic platform driver
[    9.397612] uhci_hcd: USB Universal Host Controller Interface driver
[    9.399314] i8042: PNP: PS/2 Controller [PNP0303:PS2K,PNP0f03:PS2M] at 0x60,0x64 irq 1,12
[    9.411953] serio: i8042 KBD port at 0x60,0x64 irq 1
[    9.413287] serio: i8042 AUX port at 0x60,0x64 irq 12
[    9.414720] mousedev: PS/2 mouse device common for all mice
[    9.416462] input: AT Translated Set 2 keyboard as /devices/platform/i8042/serio0/input/input2
[    9.421577] rtc_cmos rtc_cmos: rtc core: registered rtc_cmos as rtc0
[    9.423275] rtc_cmos rtc_cmos: alarms up to one day, 114 bytes nvram
[    9.427017] i2c /dev entries driver
[    9.428180] device-mapper: uevent: version 1.0.3
[    9.429470] device-mapper: ioctl: 4.34.0-ioctl (2015-10-28) initialised: dm-devel@redhat.com
[    9.431895] ledtrig-cpu: registered to indicate activity on CPUs
[    9.440166] NET: Registered protocol family 10
[    9.441493] NET: Registered protocol family 17
[    9.442715] Key type dns_resolver registered
[    9.443997] microcode: CPU0 sig=0x806e9, pf=0x8, revision=0x0
[    9.445536] microcode: Microcode Update Driver: v2.01 <tigran@aivazian.fsnet.co.uk>, Peter Oruba
[    9.448055] registered taskstats version 1
[    9.449211] Loading compiled-in X.509 certificates
[    9.452714] Loaded X.509 cert 'Build time autogenerated kernel key: 4c603087bab8f0a02cb3b4e1fb4c40f507e71ef1'
[    9.455347] zswap: loaded using pool lzo/zbud
[    9.457991] Key type trusted registered
[    9.462703] Key type encrypted registered
[    9.466431] AppArmor: AppArmor sha1 policy hashing enabled
[    9.490410] ima: No TPM chip found, activating TPM-bypass!
[    9.540259] evm: HMAC attrs: 0x1
[    9.574431]   Magic number: 2:923:749
[    9.621328] tty ttyS0: hash matches
[    9.630437] rtc_cmos rtc_cmos: setting system clock to 2018-01-30 19:45:04 UTC (1517341504)
[    9.680788] BIOS EDD facility v0.16 2004-Jun-25, 0 devices found
[    9.697672] EDD information not available.
[    9.791294] Freeing unused kernel memory: 1508K
[    9.845444] Write protecting the kernel read-only data: 14336k
[    9.857952] Freeing unused kernel memory: 1728K
[    9.932842] Freeing unused kernel memory: 108K
Loading, please [    9.977741] random: udevadm: uninitialized urandom read (16 bytes read, 5 bits of entropy available)
wait...
starting version 229
[   10.029216] random: systemd-udevd: uninitialized urandom read (16 bytes read, 5 bits of entropy available)
[   10.115477] random: udevadm: uninitialized urandom read (16 bytes read, 5 bits of entropy available)
[   10.227974] random: systemd-udevd: uninitialized urandom read (16 bytes read, 5 bits of entropy available)
[   10.289786] random: systemd-udevd: uninitialized urandom read (16 bytes read, 5 bits of entropy available)
[   10.391586] random: udevadm: uninitialized urandom read (16 bytes read, 5 bits of entropy available)
[   10.401642] random: udevadm: uninitialized urandom read (16 bytes read, 5 bits of entropy available)
[   10.426825] random: udevadm: uninitialized urandom read (16 bytes read, 5 bits of entropy available)
[   10.429364] random: udevadm: uninitialized urandom read (16 bytes read, 5 bits of entropy available)
[   10.431872] random: udevadm: uninitialized urandom read (16 bytes read, 5 bits of entropy available)
[   10.504910] e1000: Intel(R) PRO/1000 Network Driver - version 7.3.21-k8-NAPI
[   10.576544] e1000: Copyright (c) 1999-2006 Intel Corporation.
[   10.638955] Fusion MPT base driver 3.04.20
[   10.698683] Copyright (c) 1999-2008 LSI Corporation
[   10.809962] AVX2 version of gcm_enc/dec engaged.
[   10.886660] AES CTR mode by8 optimization enabled
[   10.963558] Fusion MPT SPI Host driver 3.04.20
[   11.023063] input: ImExPS/2 Generic Explorer Mouse as /devices/platform/i8042/serio1/input/input4
[   11.491837] e1000 0000:00:03.0 eth0: (PCI:33MHz:32-bit) 02:1f:2a:60:99:e3
[   11.512813] e1000 0000:00:03.0 eth0: Intel(R) PRO/1000 Network Connection
[   11.518685] e1000 0000:00:03.0 enp0s3: renamed from eth0
[   11.533169] mptbase: ioc0: Initiating bringup
[   11.598908] ioc0: LSI53C1030 A0: Capabilities={Initiator}
[   11.800880] scsi host2: ioc0: LSI53C1030 A0, FwRev=00000000h, Ports=1, MaxQ=256, IRQ=20
[   11.988997] scsi 2:0:0:0: Direct-Access     VBOX     HARDDISK         1.0  PQ: 0 ANSI: 5
[   12.067524] scsi target2:0:0: Beginning Domain Validation
[   12.120945] scsi target2:0:0: Domain Validation skipping write tests
[   12.170457] scsi target2:0:0: Ending Domain Validation
[   12.214090] scsi target2:0:0: asynchronous
[   12.246701] scsi 2:0:1:0: Direct-Access     VBOX     HARDDISK         1.0  PQ: 0 ANSI: 5
[   12.305128] scsi target2:0:1: Beginning Domain Validation
[   12.325162] scsi target2:0:1: Domain Validation skipping write tests
[   12.347874] scsi target2:0:1: Ending Domain Validation
[   12.392655] scsi target2:0:1: asynchronous
[   12.416278] sd 2:0:0:0: [sda] 20971520 512-byte logical blocks: (10.7 GB/10.0 GiB)
[   12.423354] sd 2:0:0:0: Attached scsi generic sg0 type 0
[   12.425678] sd 2:0:1:0: Attached scsi generic sg1 type 0
[   12.431103] sd 2:0:1:0: [sdb] 20480 512-byte logical blocks: (10.5 MB/10.0 MiB)
[   12.435904] sd 2:0:1:0: [sdb] Write Protect is off
[   12.438908] sd 2:0:0:0: [sda] Write Protect is off
[   12.443371] sd 2:0:1:0: [sdb] Incomplete mode parameter data
[   12.451042] sd 2:0:1:0: [sdb] Assuming drive cache: write through
[   12.461646] sd 2:0:0:0: [sda] Incomplete mode parameter data
[   12.473256] sd 2:0:0:0: [sda] Assuming drive cache: write through
[   12.502498] sd 2:0:1:0: [sdb] Attached SCSI disk
[   12.519493]  sda: sda1
[   12.527711] sd 2:0:0:0: [sda] Attached SCSI disk
[   13.927104] floppy0: no floppy controllers found
Begin: Loading e[   15.264152] md: linear personality registered for level -1
ssential drivers ... [   15.321865] md: multipath personality registered for level -4
[   15.358925] md: raid0 personality registered for level 0
[   15.397428] md: raid1 personality registered for level 1
[   15.494779] raid6: sse2x1   gen() 11254 MB/s
[   15.598834] raid6: sse2x1   xor()  7782 MB/s
[   15.734773] raid6: sse2x2   gen() 12916 MB/s
[   15.854873] raid6: sse2x2   xor()  6698 MB/s
[   15.934779] raid6: sse2x4   gen() 13896 MB/s
[   16.019217] raid6: sse2x4   xor() 10779 MB/s
[   16.135934] raid6: avx2x1   gen() 22885 MB/s
[   16.276325] raid6: avx2x2   gen() 24266 MB/s
[   16.418774] raid6: avx2x4   gen() 26567 MB/s
[   16.480755] raid6: using algorithm avx2x4 gen() 26567 MB/s
[   16.597249] raid6: using avx2x2 recovery algorithm
[   16.600330] xor: automatically using best checksumming function:
[   16.678768]    avx       : 21227.000 MB/sec
[   16.751364] async_tx: api initialized (async)
[   16.770568] md: raid6 personality registered for level 6
[   16.774216] md: raid5 personality registered for level 5
[   16.775636] md: raid4 personality registered for level 4
[   16.782343] md: raid10 personality registered for level 10
done.
Begin: Running /scripts/init-premount ... done.
Begin: Mounting root file system ... Begin: Running /scripts/local-top ... done.
Begin: Running /scripts/local-premount ... [   16.817851] Btrfs loaded
Scanning for Btrfs filesystems
done.
Warning: fsck not present, so sk[   16.847954] EXT4-fs (sda1): mounted filesystem with ordered data mode. Opts: (null)
ipping root file system
done.
Begin: Running /scripts/local-bottom ... done.
Begin: Running /scripts/init-bottom ... done.
[   17.041606] systemd[1]: systemd 229 running in system mode. (+PAM +AUDIT +SELINUX +IMA +APPARMOR +SMACK +SYSVINIT +UTMP +LIBCRYPTSETUP +GCRYPT +GNUTLS +ACL +XZ -LZ4 +SECCOMP +BLKID +ELFUTILS +KMOD -IDN)
[   17.165273] systemd[1]: Detected virtualization oracle.
[   17.244271] systemd[1]: Detected architecture x86-64.

Welcome to [1mUbuntu 16.04.3 LTS[0m!

[   17.296486] systemd[1]: Set hostname to <fullnode>.
[   17.496051] systemd[1]: Started Trigger resolvconf update for networkd DNS.
[[0;32m  OK  [0m] Started Trigger resolvconf update for networkd DNS.
[   17.635706] systemd[1]: Reached target User and Group Name Lookups.
[[0;32m  OK  [0m] Reached target User and Group Name Lookups.
[   17.750158] systemd[1]: Reached target Encrypted Volumes.
[[0;32m  OK  [0m] Reached target Encrypted Volumes.
[   17.816169] systemd[1]: Started Forward Password Requests to Wall Directory Watch.
[[0;32m  OK  [0m] Started Forward Password Requests to Wall Directory Watch.
[   17.944314] systemd[1]: Listening on LVM2 metadata daemon socket.
[[0;32m  OK  [0m] Listening on LVM2 metadata daemon socket.
[   17.966930] systemd[1]: Reached target Swap.
[[0;32m  OK  [0m] Reached target Swap.
[   17.978514] systemd[1]: Created slice System Slice.
[[0;32m  OK  [0m] Created slice System Slice.
[   17.997700] systemd[1]: Listening on Device-mapper event daemon FIFOs.
[[0;32m  OK  [0m] Listening on Device-mapper event daemon FIFOs.
[   18.015485] systemd[1]: Listening on Syslog Socket.
[[0;32m  OK  [0m] Listening on Syslog Socket.
[   18.021578] systemd[1]: Listening on LVM2 poll daemon socket.
[[0;32m  OK  [0m] Listening on LVM2 poll daemon socket.
[   18.033503] systemd[1]: Created slice User and Session Slice.
[[0;32m  OK  [0m] Created slice User and Session Slice.
[   18.075271] systemd[1]: Reached target Slices.
[[0;32m  OK  [0m] Reached target Slices.
[   18.143541] systemd[1]: Listening on Journal Socket (/dev/log).
[[0;32m  OK  [0m] Listening on Journal Socket (/dev/log).
[   18.249447] systemd[1]: Created slice system-serial\x2dgetty.slice.
[[0;32m  OK  [0m] Created slice system-serial\x2dgetty.slice.
[   18.332238] systemd[1]: Listening on udev Control Socket.
[[0;32m  OK  [0m] Listening on udev Control Socket.
[   18.467705] systemd[1]: Listening on /dev/initctl Compatibility Named Pipe.
[[0;32m  OK  [0m] Listening on /dev/initctl Compatibility Named Pipe.
[   18.503857] systemd[1]: Set up automount Arbitrary Executable File Formats File System Automount Point.
[[0;32m  OK  [0m] Set up automount Arbitrary Executab...ats File System Automount Point.
[   18.595723] systemd[1]: Listening on Journal Socket.
[[0;32m  OK  [0m] Listening on Journal Socket.
[   18.656478] systemd[1]: Mounting POSIX Message Queue File System...
         Mounting POSIX M[   18.716784] random: nonblocking pool is initialized
essage Queue File System...
[   18.804437] systemd[1]: Starting Create list of required static device nodes for the current kernel...
         Starting Create list of required st... nodes for the current kernel...
[   19.029932] systemd[1]: Starting Remount Root and Kernel File Systems...
         [   19.085127] EXT4-fs (sda1): re-mounted. Opts: (null)
Starting Remount Root and Kernel File Systems...
[   19.184696] systemd[1]: Starting Set console keymap...
         Starting Set console keymap...
[   19.232374] systemd[1]: Mounting Debug File System...
         Mounting Debug File System...
[   19.375740] systemd[1]: Starting Uncomplicated firewall...
         Starting Uncomplicated firewall...
[   19.491767] systemd[1]: Starting Load Kernel Modules...
         [   19.563978] Loading iSCSI transport class v2.0-870.
Starting Load Ke[   19.668580] iscsi: registered transport (tcp)
rnel Modules...
[   19.802971] systemd[1]: Starting Nameserver information manager...
         Starting Nameser[   19.862189] iscsi: registered transport (iser)
ver information manager...
[   19.941220] systemd[1]: Mounting Huge Pages File System...
         Mounting Huge Pages File System...
[   20.051882] systemd[1]: Reached target System Time Synchronized.
[[0;32m  OK  [0m] Reached target System Time Synchronized.
[   20.135600] systemd[1]: Listening on udev Kernel Socket.
[[0;32m  OK  [0m] Listening on udev Kernel Socket.
[   20.268131] systemd[1]: Listening on Journal Audit Socket.
[[0;32m  OK  [0m] Listening on Journal Audit Socket.
[   20.285950] systemd[1]: Starting Journal Service...
         Starting Journal Service...
[   20.332442] systemd[1]: Starting Monitoring of LVM2 mirrors, snapshots etc. using dmeventd or progress polling...
         Starting Monitoring of LVM2 mirrors... dmeventd or progress polling...
[   20.413861] systemd[1]: Mounted Huge Pages File System.
[[0;32m  OK  [0m] Mounted Huge Pages File System.
[   20.445037] systemd[1]: Mounted Debug File System.
[[0;32m  OK  [0m] Mounted Debug File System.
[   20.523901] systemd[1]: Mounted POSIX Message Queue File System.
[[0;32m  OK  [0m] Mounted POSIX Message Queue File System.
[   20.627737] systemd[1]: Started Journal Service.
[[0;32m  OK  [0m] Started Journal Service.
[[0;32m  OK  [0m] Started Create list of required sta...ce nodes for the current kernel.
[[0;32m  OK  [0m] Started Remount Root and Kernel File Systems.
[[0;32m  OK  [0m] Started Set console keymap.
[[0;32m  OK  [0m] Started Uncomplicated firewall.
[[0;32m  OK  [0m] Started Load Kernel Modules.
[[0;32m  OK  [0m] Started Nameserver information manager.
[[0;32m  OK  [0m] Started LVM2 metadata daemon.
         Mounting FUSE Control File System...
         Starting Apply Kernel Variables...
         Starting udev Coldplug all Devices...
         Starting Load/Save Random Seed...
         Starting Initial cloud-init job (pre-networking)...
         Starting Create Static Device Nodes in /dev...
         Starting Flush Journal to Persistent Storage...
[[0;32m  OK  [0m] Mounted FUSE Control File System.
[[0;32m  OK  [0m] Started Apply Kernel Variables.
[[0;32m  OK  [0m] Started Load/Save Random Seed.
[[0;32m  OK  [0m] Started Create Static Device Nodes in /dev.
[[0;32m  OK  [0m] Started udev Coldplug all Devices.
[[0;32m  OK  [0m] Started Monitoring of LVM2 mirrors,...ng dmeventd or progress polling.
[[0;32m  OK  [0m] Started Flush Journal to Persistent Storage.
         Starting udev Kernel Device Manager...
[[0;32m  OK  [0m] Started udev Kernel Device Manager.
[[0;32m  OK  [0m] Started Dispatch Password Requests to Console Directory Watch.
[[0;32m  OK  [0m] Reached target Local File Systems (Pre).
[[0;32m  OK  [0m] Reached target Local File Systems.
         Starting LSB: AppArmor initialization...
         Starting Tell Plymouth To Write Out Runtime Data...
         Starting LSB: ebtables ruleset management...
         Starting Set console font and keymap...
         Starting Create Volatile Files and Directories...
[[0;32m  OK  [0m] Started Tell Plymouth To Write Out Runtime Data.
[[0;32m  OK  [0m] Started Create Volatile Files and Directories.
         Starting Update UTMP about System Boot/Shutdown...
[[0;32m  OK  [0m] Started Update UTMP about System Boot/Shutdown.
[[0;32m  OK  [0m] Started LSB: ebtables ruleset management.
[[0;32m  OK  [0m] Started LSB: AppArmor initialization.
[[0;32m  OK  [0m] Found device /dev/ttyS0.
[[0;32m  OK  [0m] Started Set console font and keymap.
[[0;32m  OK  [0m] Created slice system-getty.slice.
[   18.733443] cloud-init[455]: Cloud-init v. 17.1 running 'init-local' at Tue, 30 Jan 2018 19:45:17 +0000. Up 18.23 seconds.
[[0;32m  OK  [0m] Started Initial cloud-init job (pre-networking).
[[0;32m  OK  [0m] Reached target Network (Pre).
[[0;32m  OK  [0m] Started ifup for enp0s3.
         Starting Raise network interfaces...
[[0;32m  OK  [0m] Found device 82540EM Gigabit Ethern...r (PRO/1000 MT Desktop Adapter).
[[0;32m  OK  [0m] Listening on Load/Save RF Kill Switch Status /dev/rfkill Watch.
[[0;32m  OK  [0m] Started Raise network interfaces.
         Starting Initial cloud-init job (metadata service crawler)...
[[0;32m  OK  [0m] Reached target Network.
[   21.797739] cloud-init[1127]: Cloud-init v. 17.1 running 'init' at Tue, 30 Jan 2018 19:45:20 +0000. Up 21.47 seconds.
[   21.885420] cloud-init[1127]: ci-info: +++++++++++++++++++++++++++++++++++++Net device info++++++++++++++++++++++++++++++++++++++
[[   21.992348] cloud-init[1127]: ci-info: +--------+------+----------------------------+---------------+-------+-------------------+
[   21.992722] cloud-init[1127]: ci-info: | Device |  Up  |          Address           |      Mask     | Scope |     Hw-Address    |
[   21.992827] cloud-init[1127]: ci-info: +--------+------+----------------------------+---------------+-------+-------------------+
[   21.992929] cloud-init[1127]: ci-info: | enp0s3 | True |         10.0.2.15          | 255.255.255.0 |   .   | 02:1f:2a:60:99:e3 |
[   21.993029] cloud-init[1127]: ci-info: | enp0s3 | True | fe80::1f:2aff:fe60:99e3/64 |       .       |  link | 02:1f:2a:60:99:e3 |
[   21.993136] cloud-init[1127]: ci-info: |   lo   | True |         127.0.0.1          |   255.0.0.0   |   .   |         .         |
[   21.993236] cloud-init[1127]: ci-info: |   lo   | True |          ::1/128           |       .       |  host |         .         |
[   21.993335] cloud-init[1127]: ci-info: +--------+------+----------------------------+---------------+-------+-------------------+
[   21.993433] cloud-init[1127]: ci-info: +++++++++++++++++++++++++++Route IPv4 info++++++++++++++++++++++++++++
[   21.993534] cloud-init[1127]: ci-info: +-------+-------------+----------+---------------+-----------+-------+
[   21.993633] cloud-init[1127]: ci-info: | Route | Destination | Gateway  |    Genmask    | Interface | Flags |
[   21.993733] cloud-init[1127]: ci-info: +-------+-------------+----------+---------------+-----------+-------+
[   21.993835] cloud-init[1127]: ci-info: |   0   |   0.0.0.0   | 10.0.2.2 |    0.0.0.0    |   enp0s3  |   UG  |
[   21.993935] cloud-init[1127]: ci-info: |   1   |   10.0.2.0  | 0.0.0.0  | 255.255.255.0 |   enp0s3  |   U   |
[   21.994033] cloud-init[1127]: ci-info: +-------+-------------+----------+---------------+-----------+-------+
[0;32m  OK  [0m] Started Initial cloud-init job (metadata service crawler).
[[0;32m  OK  [0m] Reached target Cloud-config availability.
[[0;32m  OK  [0m] Reached target System Initialization.
         Starting Socket activation for snappy daemon.
[[0;32m  OK  [0m] Started ACPI Events Check.
[[0;32m  OK  [0m] Reached target Paths.
[[0;32m  OK  [0m] Started Daily Cleanup of Temporary Directories.
[[0;32m  OK  [0m] Started Timer to automatically refresh installed snaps.
[[0;32m  OK  [0m] Listening on D-Bus System Message Bus Socket.
         Starting Docker Socket for the API.
         Starting LXD - unix socket.
[[0;32m  OK  [0m] Listening on ACPID Listen Socket.
[[0;32m  OK  [0m] Listening on UUID daemon activation socket.
[[0;32m  OK  [0m] Reached target Network is Online.
[[0;32m  OK  [0m] Started Daily apt download activities.
[[0;32m  OK  [0m] Started Daily apt upgrade and clean activities.
[[0;32m  OK  [0m] Reached target Timers.
         Starting iSCSI initiator daemon (iscsid)...
[[0;32m  OK  [0m] Listening on Socket activation for snappy daemon.
[[0;32m  OK  [0m] Listening on Docker Socket for the API.
[[0;32m  OK  [0m] Listening on LXD - unix socket.
[[0;32m  OK  [0m] Started iSCSI initiator daemon (iscsid).
         Starting Login to default iSCSI targets...
[[0;32m  OK  [0m] Reached target Sockets.
[[0;32m  OK  [0m] Reached target Basic System.
         Starting System Logging Service...
         Starting /etc/rc.local Compatibility...
[[0;32m  OK  [0m] Started FUSE filesystem for LXC.
         Starting Docker Application Container Engine...
[[0;32m  OK  [0m] Started D-Bus System Message Bus.
[[0;32m  OK  [0m] Started ACPI event daemon.
[[0;32m  OK  [0m] Started Unattended Upgrades Shutdown.
         Starting Login Service...
         Starting Ubuntu FAN network setup...
[[0;32m  OK  [0m] Started Regular background program processing daemon.
         Starting LSB: MD monitoring daemon...
         Starting Accounts Service...
         Starting vboxadd.service...
[[0;32m  OK  [0m] Started Deferred execution scheduler.
         Starting LXD - container startup/shutdown...
[[0;32m  OK  [0m] Started kubelet: The Kubernetes Node Agent.
         Starting LSB: Record successful boot for GRUB...
         Starting OpenBSD Secure Shell server...
         Starting Apply the settings specified in cloud-config...
         Starting Snappy daemon...
[[0;32m  OK  [0m] Started System Logging Service.
[[0;32m  OK  [0m] Started OpenBSD Secure Shell server.
[[0;32m  OK  [0m] Started /etc/rc.local Compatibility.
[[0;32m  OK  [0m] Started Ubuntu FAN network setup.
[[0;32m  OK  [0m] Started LXD - container startup/shutdown.
[[0;32m  OK  [0m] Started Snappy daemon.
[[0;32m  OK  [0m] Started Login to default iSCSI targets.
[[0;32m  OK  [0m] Started Login Service.
[[0;32m  OK  [0m] Started LSB: MD monitoring daemon.
         Starting Authenticate and Authorize Users to Run Privileged Tasks...
[[0;32m  OK  [0m] Reached target Remote File Systems (Pre).
[[0;32m  OK  [0m] Reached target Remote File Systems.
         Starting LSB: automatic crash report generation...
         Starting LSB: daemon to balance interrupts for SMP systems...
         Starting Permit User Sessions...
         Starting LSB: Set up cgroupfs mounts....
         Starting LSB: Set the CPU Frequency Scaling governor to "ondemand"...
[[0;32m  OK  [0m] Started Permit User Sessions.
[[0;32m  OK  [0m] Started LSB: Set up cgroupfs mounts..
[[0;32m  OK  [0m] Started LSB: Record successful boot for GRUB.
[[0;32m  OK  [0m] Started Authenticate and Authorize Users to Run Privileged Tasks.
[[0;32m  OK  [0m] Started Accounts Service.
[[0;32m  OK  [0m] Created slice User Slice of vagrant.
         Starting User Manager for UID 1000...
[[0;32m  OK  [0m] Started Session 1 of user vagrant.
         Starting Hold until boot process finishes up...
         Starting Terminate Plymouth Boot Screen...
[[0;32m  OK  [0m] Started User Manager for UID 1000.
[[0;32m  OK  [0m] Started vboxadd.service.
[[0;32m  OK  [0m] Started LSB: automatic crash report generation.
[[0;32m  OK  [0m] Started LSB: daemon to balance interrupts for SMP systems.
[[0;32m  OK  [0m] Started LSB: Set the CPU Frequency Scaling governor to "ondemand".
[[0;32m  OK  [0m] Started Hold until boot process finishes up.
[[0;32m  OK  [0m] Started Terminate Plymouth Boot Screen.
[[0;32m  OK  [0m] Started Serial Getty on ttyS0.
         Starting Set console scheme...
[[0;32m  OK  [0m] Started Getty on tty1.
[[0;32m  OK  [0m] Reached target Login Prompts.
         Starting vboxadd-service.service...
[[0;32m  OK  [0m] Started Set console scheme.
[[0;32m  OK  [0m] Started vboxadd-service.service.
[[0;32m  OK  [0m] Started Docker Application Container Engine.
[[0;32m  OK  [0m] Reached target Multi-User System.
[[0;32m  OK  [0m] Reached target Graphical Interface.
         Starting Update UTMP about System Runlevel Changes...
[[0;32m  OK  [0m] Started Update UTMP about System Runlevel Changes.
[[0;32m  OK  [0m[   25.858187] cloud-init[1274]: Cloud-init v. 17.1 running 'modules:config' at Tue, 30 Jan 2018 19:45:24 +0000. Up 25.42 seconds.
] Started Apply the settings specified in cloud-config.
         Starting Execute cloud user/final scripts...
[   26.395017] cloud-init[1666]: Cloud-init v. 17.1 running 'modules:final' at Tue, 30 Jan 2018 19:45:25 +0000. Up 26.28 seconds.
[[0;32m  OK  [0m[   26.535637] cloud-init[1666]: Cloud-init v. 17.1 finished at Tue, 30 Jan 2018 19:45:25 +0000. Datasource DataSourceNoCloud [seed=/dev/sdb][dsmode=net].  Up 26.38 seconds
] Started Execute cloud user/final scripts.
         Starting Daily apt download activities...
[[0;32m  OK  [0m] Reached target Cloud-init target.
         Stopping User Manager for UID 1000...
[[0;32m  OK  [0m] Stopped User Manager for UID 1000.
[[0;32m  OK  [0m] Removed slice User Slice of vagrant.

Ubuntu 16.04.3 LTS fullnode ttyS0

fullnode login: [[0;32m  OK  [0m] Stopped target Timers.
[[0;32m  OK  [0m] Stopped target Graphical Interface.
         Stopping Session 4 of user va.[[0;32m  OK  [0m] Stopped System Logging Service.
[[0;32m  OK  [0m] Stopped Docker Application Container Engine.
[[0;32m  OK  [0m] Stopped ACPI event daemon.
[[0;32m  OK  [0m] Stopped Regular background program processing daemon.
[[0;32m  OK  [0m] Stopped Accounts Service.
[[0;32m  OK  [0m] Stopped Deferred execution scheduler.
[[0;32m  OK  [0m] Stopped OpenBSD Secure Shell server.
[[0;32m  OK  [0m] Stopped Snappy daemon.
[[0;32m  OK  [0m] Stopped Authenticate and Authorize Users to Run Privileged Tasks.
[[0;32m  OK  [0m] Stopped Serial Getty on ttyS0.
[[0;32m  OK  [0m] Stopped Getty on tty1.
[[0;32m  OK  [0m] Stopped User Manager for UID 1000.
[[0;32m  OK  [0m] Stopped LSB: Set up cgroupfs mounts..
[[0;32m  OK  [0m] Stopped Session 4 of user vagrant.
[[0;32m  OK  [0m] Stopped vboxadd-service.service.
[[0;32m  OK  [0m] Stopped Ubuntu FAN network setup.
[[0;32m  OK  [0m] Stopped Unattended Upgrades Shutdown.
[[0;32m  OK  [0m] Stopped D-Bus System Message Bus.
[[0;32m  OK  [0m] Stopped FUSE filesystem for LXC.
[[0;32m  OK  [0m] Unmounted /var/lib/docker/aufs.
[[0;32m  OK  [0m] Stopped LSB: Set the CPU Frequency Scaling governor to "ondemand".
[[0;32m  OK  [0m] Stopped LSB: MD monitoring daemon.
[[0;32m  OK  [0m] Stopped LSB: Record successful boot for GRUB.
[[0;32m  OK  [0m] Stopped LSB: daemon to balance interrupts for SMP systems.
[[0;32m  OK  [0m] Stopped LXD - container startup/shutdown.
[[0;32m  OK  [0m] Stopped LSB: automatic crash report generation.
         Stopping vboxadd.service...
[[0;32m  OK  [0m] Removed slice User Slice of vagrant.
         Stopping Login Service...
[[0;32m  OK  [0m] Removed slice system-getty.slice.
[[0;32m  OK  [0m] Stopped /etc/rc.local Compatibility.
         Stopping Permit User Sessions...
[[0;32m  OK  [0m] Removed slice system-serial\x2dgetty.slice.
[[0;32m  OK  [0m] Unmounted /vagrant/storage.
[[0;32m  OK  [0m] Unmounted /vagrant.
[[0;32m  OK  [0m] Stopped Login Service.
[[0;32m  OK  [0m] Stopped vboxadd.service.
[[0;32m  OK  [0m] Stopped Permit User Sessions.
[[0;32m  OK  [0m] Stopped target Remote File Systems.
[[0;32m  OK  [0m] Stopped target Remote File Systems (Pre).
         Stopping Login to default iSCSI targets...
[[0;32m  OK  [0m] Stopped target Basic System.
[[0;32m  OK  [0m] Stopped target Paths.
[[0;32m  OK  [0m] Stopped Forward Password Requests to Wall Directory Watch.
[[0;32m  OK  [0m] Stopped ACPI Events Check.
[[0;32m  OK  [0m] Stopped Dispatch Password Requests to Console Directory Watch.
[[0;32m  OK  [0m] Stopped target Slices.
[[0;32m  OK  [0m] Stopped target Sockets.
[[0;32m  OK  [0m] Closed ACPID Listen Socket.
[[0;32m  OK  [0m] Closed Docker Socket for the API.
[[0;32m  OK  [0m] Closed Syslog Socket.
[[0;32m  OK  [0m] Closed LXD - unix socket.
[[0;32m  OK  [0m] Closed Socket activation for snappy daemon.
[[0;32m  OK  [0m] Closed UUID daemon activation socket.
[[0;32m  OK  [0m] Closed D-Bus System Message Bus Socket.
[[0;32m  OK  [0m] Stopped target User and Group Name Lookups.
[[0;32m  OK  [0m] Stopped target System Initialization.
         Stopping Load/Save Random Seed...
         Stopping LSB: ebtables ruleset management...
[[0;32m  OK  [0m] Stopped target Swap.
[[0;32m  OK  [0m] Stopped target Encrypted Volumes.
         Stopping Update UTMP about System Boot/Shutdown...
[[0;32m  OK  [0m] Removed slice User and Session Slice.
[[0;32m  OK  [0m] Stopped Load/Save Random Seed.
[[0;32m  OK  [0m] Stopped Login to default iSCSI targets.
[[0;32m  OK  [0m] Stopped Update UTMP about System Boot/Shutdown.
[[0;32m  OK  [0m] Stopped LSB: ebtables ruleset management.
[[0;32m  OK  [0m] Stopped Create Volatile Files and Directories.
         Stopping iSCSI initiator daemon (iscsid)...
[[0;32m  OK  [0m] Stopped iSCSI initiator daemon (iscsid).
[[0;32m  OK  [0m] Stopped target Network is Online.
[[0;32m  OK  [0m] Stopped Initial cloud-init job (metadata service crawler).
[[0;32m  OK  [0m] Stopped target Network.
         Stopping Raise network interfaces...
[[0;32m  OK  [0m] Stopped Raise network interfaces.
[[0;32m  OK  [0m] Stopped target Local File Systems.
         Unmounting /run/user/1000...
[[0;32m  OK  [0m] Stopped target Network (Pre).
[[0;32m  OK  [0m] Stopped Initial cloud-init job (pre-networking).
[[0;32m  OK  [0m] Stopped Apply Kernel Variables.
[[0;32m  OK  [0m] Stopped Load Kernel Modules.
[[0;32m  OK  [0m] Unmounted /run/user/1000.
[[0;32m  OK  [0m] Reached target Unmount All Filesystems.
[[0;32m  OK  [0m] Stopped target Local File Systems (Pre).
[[0;32m  OK  [0m] Stopped Create Static Device Nodes in /dev.
         Stopping Monitoring of LVM2 mirrors... dmeventd or progress polling...
[[0;32m  OK  [0m] Stopped Remount Root and Kernel File Systems.
[[0;32m  OK  [0m] Reached target Shutdown.
[ 2697.170535] reboot: Power down
